<?xml version="1.0" encoding="utf-8"?><testsuites><testsuite errors="0" failures="14" hostname="Francis.local" name="pytest" skipped="0" tests="16" time="42.190" timestamp="2020-08-26T14:54:04.702859"><testcase classname="test_0_add_new_product.TestPutawayNewProduct" file="test_0_add_new_product.py" line="9" name="test_putaway_new_product" time="0.981"></testcase><testcase classname="test_1_plm_in_menu.TestPlmMenu" file="test_1_plm_in_menu.py" line="11" name="test_0" time="7.053"></testcase><testcase classname="test_1_plm_in_menu.TestPlmMenu" file="test_1_plm_in_menu.py" line="35" name="test_1" time="0.581"><failure message="AssertionError: NoSuchElementException(&apos;no such element: Unable to locate element: {&quot;method&quot;:&quot;xpath&quot;,&quot;selector&quot;:&quot;//span[text()=\&apos;运营中心\&apos;]&quot;}
    (Session info: chrome=84.0.4147.135)&apos;, None, None)
assert 1 != 1">E   selenium.common.exceptions.NoSuchElementException: Message: no such element: Unable to locate element: {&quot;method&quot;:&quot;xpath&quot;,&quot;selector&quot;:&quot;//span[text()=&apos;运营中心&apos;]&quot;}
      (Session info: chrome=84.0.4147.135)

During handling of the above exception, another exception occurred:
E   AssertionError: NoSuchElementException(&apos;no such element: Unable to locate element: {&quot;method&quot;:&quot;xpath&quot;,&quot;selector&quot;:&quot;//span[text()=\&apos;运营中心\&apos;]&quot;}
        (Session info: chrome=84.0.4147.135)&apos;, None, None)
    assert 1 != 1</failure></testcase><testcase classname="test_1_plm_in_menu.TestPlmMenu" file="test_1_plm_in_menu.py" line="52" name="test_2" time="0.030"><failure message="selenium.common.exceptions.NoSuchElementException: Message: no such element: Unable to locate element: {&quot;method&quot;:&quot;xpath&quot;,&quot;selector&quot;:&quot;//li[contains(text(),&apos;运营方案管理&apos;)]&quot;}
  (Session info: chrome=84.0.4147.135)">E   selenium.common.exceptions.NoSuchElementException: Message: no such element: Unable to locate element: {&quot;method&quot;:&quot;xpath&quot;,&quot;selector&quot;:&quot;//li[contains(text(),&apos;运营方案管理&apos;)]&quot;}
      (Session info: chrome=84.0.4147.135)</failure></testcase><testcase classname="test_2_create_new_plm.TestCreateNewPlm" file="test_2_create_new_plm.py" line="10" name="test_0" time="0.022"><failure message="selenium.common.exceptions.NoSuchElementException: Message: no such element: Unable to locate element: {&quot;method&quot;:&quot;xpath&quot;,&quot;selector&quot;:&quot;//span[contains(text(),&apos;新增方案&apos;)]&quot;}
  (Session info: chrome=84.0.4147.135)">E   selenium.common.exceptions.NoSuchElementException: Message: no such element: Unable to locate element: {&quot;method&quot;:&quot;xpath&quot;,&quot;selector&quot;:&quot;//span[contains(text(),&apos;新增方案&apos;)]&quot;}
      (Session info: chrome=84.0.4147.135)</failure></testcase><testcase classname="test_2_create_new_plm.TestCreateNewPlm" file="test_2_create_new_plm.py" line="46" name="test_1" time="0.019"><failure message="selenium.common.exceptions.NoSuchElementException: Message: no such element: Unable to locate element: {&quot;method&quot;:&quot;xpath&quot;,&quot;selector&quot;:&quot;//span[contains(text(),&apos;新增方案&apos;)]&quot;}
  (Session info: chrome=84.0.4147.135)">E   selenium.common.exceptions.NoSuchElementException: Message: no such element: Unable to locate element: {&quot;method&quot;:&quot;xpath&quot;,&quot;selector&quot;:&quot;//span[contains(text(),&apos;新增方案&apos;)]&quot;}
      (Session info: chrome=84.0.4147.135)</failure></testcase><testcase classname="test_2_create_new_plm.TestCreateNewPlm" file="test_2_create_new_plm.py" line="75" name="test_2" time="0.019"><failure message="selenium.common.exceptions.NoSuchElementException: Message: no such element: Unable to locate element: {&quot;method&quot;:&quot;xpath&quot;,&quot;selector&quot;:&quot;//span[contains(text(),&apos;新增方案&apos;)]&quot;}
  (Session info: chrome=84.0.4147.135)">E   selenium.common.exceptions.NoSuchElementException: Message: no such element: Unable to locate element: {&quot;method&quot;:&quot;xpath&quot;,&quot;selector&quot;:&quot;//span[contains(text(),&apos;新增方案&apos;)]&quot;}
      (Session info: chrome=84.0.4147.135)</failure></testcase><testcase classname="test_2_create_new_plm.TestCreateNewPlm" file="test_2_create_new_plm.py" line="99" name="test_3" time="0.021"><failure message="selenium.common.exceptions.NoSuchElementException: Message: no such element: Unable to locate element: {&quot;method&quot;:&quot;xpath&quot;,&quot;selector&quot;:&quot;//span[contains(text(),&apos;新增方案&apos;)]&quot;}
  (Session info: chrome=84.0.4147.135)">E   selenium.common.exceptions.NoSuchElementException: Message: no such element: Unable to locate element: {&quot;method&quot;:&quot;xpath&quot;,&quot;selector&quot;:&quot;//span[contains(text(),&apos;新增方案&apos;)]&quot;}
      (Session info: chrome=84.0.4147.135)</failure></testcase><testcase classname="test_3_set_plm_for_new_product.TestSetPlmForNewProduct" file="test_3_set_plm_for_new_product.py" line="11" name="test_0" time="0.023"><failure message="selenium.common.exceptions.NoSuchElementException: Message: no such element: Unable to locate element: {&quot;method&quot;:&quot;xpath&quot;,&quot;selector&quot;:&quot;//li[contains(text(),&apos;服务运营管理&apos;)]&quot;}
  (Session info: chrome=84.0.4147.135)">E   selenium.common.exceptions.NoSuchElementException: Message: no such element: Unable to locate element: {&quot;method&quot;:&quot;xpath&quot;,&quot;selector&quot;:&quot;//li[contains(text(),&apos;服务运营管理&apos;)]&quot;}
      (Session info: chrome=84.0.4147.135)</failure></testcase><testcase classname="test_3_set_plm_for_new_product.TestSetPlmForNewProduct" file="test_3_set_plm_for_new_product.py" line="21" name="test_1" time="0.009"><failure message="selenium.common.exceptions.NoSuchElementException: Message: no such element: Unable to locate element: {&quot;method&quot;:&quot;xpath&quot;,&quot;selector&quot;:&quot;//section[contains(text(),&apos;同步产品信息&apos;)]&quot;}
  (Session info: chrome=84.0.4147.135)">E   selenium.common.exceptions.NoSuchElementException: Message: no such element: Unable to locate element: {&quot;method&quot;:&quot;xpath&quot;,&quot;selector&quot;:&quot;//section[contains(text(),&apos;同步产品信息&apos;)]&quot;}
      (Session info: chrome=84.0.4147.135)</failure></testcase><testcase classname="test_3_set_plm_for_new_product.TestSetPlmForNewProduct" file="test_3_set_plm_for_new_product.py" line="35" name="test_2" time="10.778"><failure message="AssertionError: TimeoutException(&quot;超时！/等待xpath路径://a[contains(text(),&apos;接口自动化ee826466-e768-11ea-adda-acde48001122&apos;)]失败！&quot;, None, None)
assert 1 != 1">E   selenium.common.exceptions.TimeoutException: Message: 超时！/等待xpath路径://a[contains(text(),&apos;接口自动化ee826466-e768-11ea-adda-acde48001122&apos;)]失败！

During handling of the above exception, another exception occurred:
E   AssertionError: TimeoutException(&quot;超时！/等待xpath路径://a[contains(text(),&apos;接口自动化ee826466-e768-11ea-adda-acde48001122&apos;)]失败！&quot;, None, None)
    assert 1 != 1</failure></testcase><testcase classname="test_3_set_plm_for_new_product.TestSetPlmForNewProduct" file="test_3_set_plm_for_new_product.py" line="48" name="test_3" time="10.808"><failure message="AssertionError: TimeoutException(&apos;超时！/等待xpath路径:/html/body/div[1]/div/div[2]/form/div[1]/div/div/div[2]/div/div[1]/input失败！&apos;, None, None)
assert 1 != 1">E   selenium.common.exceptions.TimeoutException: Message: 超时！/等待xpath路径:/html/body/div[1]/div/div[2]/form/div[1]/div/div/div[2]/div/div[1]/input失败！

During handling of the above exception, another exception occurred:
E   AssertionError: TimeoutException(&apos;超时！/等待xpath路径:/html/body/div[1]/div/div[2]/form/div[1]/div/div/div[2]/div/div[1]/input失败！&apos;, None, None)
    assert 1 != 1</failure></testcase><testcase classname="test_3_set_plm_for_new_product.TestSetPlmForNewProduct" file="test_3_set_plm_for_new_product.py" line="105" name="test_4" time="10.776"><failure message="AssertionError: TimeoutException(&apos;超时！/等待xpath路径://*[@id=&quot;pane-1&quot;]/section/section/section[1]/div[1]/div[2]/div/button失败！&apos;, None, None)
assert 1 != 1">E   selenium.common.exceptions.TimeoutException: Message: 超时！/等待xpath路径://*[@id=&quot;pane-1&quot;]/section/section/section[1]/div[1]/div[2]/div/button失败！

During handling of the above exception, another exception occurred:
E   AssertionError: TimeoutException(&apos;超时！/等待xpath路径://*[@id=&quot;pane-1&quot;]/section/section/section[1]/div[1]/div[2]/div/button失败！&apos;, None, None)
    assert 1 != 1</failure></testcase><testcase classname="test_3_set_plm_for_new_product.TestSetPlmForNewProduct" file="test_3_set_plm_for_new_product.py" line="157" name="test_5" time="0.009"><failure message="selenium.common.exceptions.NoSuchElementException: Message: no such element: Unable to locate element: {&quot;method&quot;:&quot;xpath&quot;,&quot;selector&quot;:&quot;//*/section/section&quot;}
  (Session info: chrome=84.0.4147.135)">E   selenium.common.exceptions.NoSuchElementException: Message: no such element: Unable to locate element: {&quot;method&quot;:&quot;xpath&quot;,&quot;selector&quot;:&quot;//*/section/section&quot;}
      (Session info: chrome=84.0.4147.135)</failure></testcase><testcase classname="test_3_set_plm_for_new_product.TestSetPlmForNewProduct" file="test_3_set_plm_for_new_product.py" line="293" name="test_6" time="0.009"><failure message="selenium.common.exceptions.NoSuchElementException: Message: no such element: Unable to locate element: {&quot;method&quot;:&quot;xpath&quot;,&quot;selector&quot;:&quot;//*[@id=&quot;pane-1&quot;]/section/section&quot;}
  (Session info: chrome=84.0.4147.135)">E   selenium.common.exceptions.NoSuchElementException: Message: no such element: Unable to locate element: {&quot;method&quot;:&quot;xpath&quot;,&quot;selector&quot;:&quot;//*[@id=&quot;pane-1&quot;]/section/section&quot;}
      (Session info: chrome=84.0.4147.135)</failure></testcase><testcase classname="test_4_add_reservation.TestPythonOrgSearch" file="test_4_add_reservation.py" line="9" name="test_0" time="0.521"><failure message="selenium.common.exceptions.NoSuchElementException: Message: no such element: Unable to locate element: {&quot;method&quot;:&quot;xpath&quot;,&quot;selector&quot;:&quot;/html/body/div[1]/section/div[1]/div[1]/div[1]/nav/ul/li[8]/ul/li[1]&quot;}
  (Session info: chrome=84.0.4147.135)">E   selenium.common.exceptions.NoSuchElementException: Message: no such element: Unable to locate element: {&quot;method&quot;:&quot;xpath&quot;,&quot;selector&quot;:&quot;/html/body/div[1]/section/div[1]/div[1]/div[1]/nav/ul/li[8]/ul/li[1]&quot;}
      (Session info: chrome=84.0.4147.135)</failure></testcase></testsuite></testsuites>