<?xml version="1.0" encoding="utf-8"?><testsuites><testsuite errors="0" failures="9" hostname="Francis.local" name="pytest" skipped="0" tests="16" time="79.898" timestamp="2020-09-07T18:32:34.281199"><testcase classname="test_0_add_new_product.TestPutawayNewProduct" file="test_0_add_new_product.py" line="10" name="test_putaway_new_product" time="0.700"></testcase><testcase classname="test_1_plm_in_menu.TestPlmMenu" file="test_1_plm_in_menu.py" line="15" name="test_0" time="11.206"></testcase><testcase classname="test_1_plm_in_menu.TestPlmMenu" file="test_1_plm_in_menu.py" line="38" name="test_1" time="6.759"></testcase><testcase classname="test_1_plm_in_menu.TestPlmMenu" file="test_1_plm_in_menu.py" line="57" name="test_2" time="0.045"></testcase><testcase classname="test_2_create_new_plm.TestCreateNewPlm" file="test_2_create_new_plm.py" line="9" name="test_0" time="1.524"></testcase><testcase classname="test_2_create_new_plm.TestCreateNewPlm" file="test_2_create_new_plm.py" line="45" name="test_1" time="0.097"><failure message="selenium.common.exceptions.NoSuchElementException: Message: no such element: Unable to locate element: {&quot;method&quot;:&quot;xpath&quot;,&quot;selector&quot;:&quot;//li[contains(text(),&apos;计算参数方案&apos;)]&quot;}
  (Session info: chrome=85.0.4183.83)">E   selenium.common.exceptions.NoSuchElementException: Message: no such element: Unable to locate element: {&quot;method&quot;:&quot;xpath&quot;,&quot;selector&quot;:&quot;//li[contains(text(),&apos;计算参数方案&apos;)]&quot;}
      (Session info: chrome=85.0.4183.83)</failure></testcase><testcase classname="test_2_create_new_plm.TestCreateNewPlm" file="test_2_create_new_plm.py" line="75" name="test_2" time="0.035"><failure message="selenium.common.exceptions.NoSuchElementException: Message: no such element: Unable to locate element: {&quot;method&quot;:&quot;xpath&quot;,&quot;selector&quot;:&quot;//li[contains(text(),&apos;额度管理方案&apos;)]&quot;}
  (Session info: chrome=85.0.4183.83)">E   selenium.common.exceptions.NoSuchElementException: Message: no such element: Unable to locate element: {&quot;method&quot;:&quot;xpath&quot;,&quot;selector&quot;:&quot;//li[contains(text(),&apos;额度管理方案&apos;)]&quot;}
      (Session info: chrome=85.0.4183.83)</failure></testcase><testcase classname="test_2_create_new_plm.TestCreateNewPlm" file="test_2_create_new_plm.py" line="101" name="test_3" time="0.020"><failure message="selenium.common.exceptions.NoSuchElementException: Message: no such element: Unable to locate element: {&quot;method&quot;:&quot;xpath&quot;,&quot;selector&quot;:&quot;//li[contains(text(),&apos;贴息管理方案&apos;)]&quot;}
  (Session info: chrome=85.0.4183.83)">E   selenium.common.exceptions.NoSuchElementException: Message: no such element: Unable to locate element: {&quot;method&quot;:&quot;xpath&quot;,&quot;selector&quot;:&quot;//li[contains(text(),&apos;贴息管理方案&apos;)]&quot;}
      (Session info: chrome=85.0.4183.83)</failure></testcase><testcase classname="test_3_set_plm_for_new_product.TestSetPlmForNewProduct" file="test_3_set_plm_for_new_product.py" line="11" name="test_0" time="0.139"></testcase><testcase classname="test_3_set_plm_for_new_product.TestSetPlmForNewProduct" file="test_3_set_plm_for_new_product.py" line="21" name="test_1" time="1.593"><failure message="AssertionError: StaleElementReferenceException(&apos;stale element reference: element is not attached to the page document
    (Session info: chrome=85.0.4183.83)&apos;, None, None)
assert 1 != 1">E   selenium.common.exceptions.StaleElementReferenceException: Message: stale element reference: element is not attached to the page document
      (Session info: chrome=85.0.4183.83)

During handling of the above exception, another exception occurred:
E   AssertionError: StaleElementReferenceException(&apos;stale element reference: element is not attached to the page document
        (Session info: chrome=85.0.4183.83)&apos;, None, None)
    assert 1 != 1</failure></testcase><testcase classname="test_3_set_plm_for_new_product.TestSetPlmForNewProduct" file="test_3_set_plm_for_new_product.py" line="36" name="test_2" time="10.637"><failure message="AssertionError: TimeoutException(&quot;超时！/等待xpath路径://a[contains(text(),&apos;接口自动化714f7f74-f0f5-11ea-be95-acde48001122&apos;)]失败！&quot;, None, None)
assert 1 != 1">E   selenium.common.exceptions.TimeoutException: Message: 超时！/等待xpath路径://a[contains(text(),&apos;接口自动化714f7f74-f0f5-11ea-be95-acde48001122&apos;)]失败！

During handling of the above exception, another exception occurred:
E   AssertionError: TimeoutException(&quot;超时！/等待xpath路径://a[contains(text(),&apos;接口自动化714f7f74-f0f5-11ea-be95-acde48001122&apos;)]失败！&quot;, None, None)
    assert 1 != 1</failure></testcase><testcase classname="test_3_set_plm_for_new_product.TestSetPlmForNewProduct" file="test_3_set_plm_for_new_product.py" line="49" name="test_3" time="10.607"><failure message="AssertionError: TimeoutException(&apos;超时！/等待xpath路径:/html/body/div[1]/div/div[2]/form/div[1]/div/div/div[2]/div/div[1]/input失败！&apos;, None, None)
assert 1 != 1">E   selenium.common.exceptions.TimeoutException: Message: 超时！/等待xpath路径:/html/body/div[1]/div/div[2]/form/div[1]/div/div/div[2]/div/div[1]/input失败！

During handling of the above exception, another exception occurred:
E   AssertionError: TimeoutException(&apos;超时！/等待xpath路径:/html/body/div[1]/div/div[2]/form/div[1]/div/div/div[2]/div/div[1]/input失败！&apos;, None, None)
    assert 1 != 1</failure></testcase><testcase classname="test_3_set_plm_for_new_product.TestSetPlmForNewProduct" file="test_3_set_plm_for_new_product.py" line="106" name="test_4" time="10.604"><failure message="AssertionError: TimeoutException(&apos;超时！/等待xpath路径://*[@id=&quot;pane-1&quot;]/section/section/section[1]/div[1]/div[2]/div/button失败！&apos;, None, None)
assert 1 != 1">E   selenium.common.exceptions.TimeoutException: Message: 超时！/等待xpath路径://*[@id=&quot;pane-1&quot;]/section/section/section[1]/div[1]/div[2]/div/button失败！

During handling of the above exception, another exception occurred:
E   AssertionError: TimeoutException(&apos;超时！/等待xpath路径://*[@id=&quot;pane-1&quot;]/section/section/section[1]/div[1]/div[2]/div/button失败！&apos;, None, None)
    assert 1 != 1</failure></testcase><testcase classname="test_3_set_plm_for_new_product.TestSetPlmForNewProduct" file="test_3_set_plm_for_new_product.py" line="158" name="test_5" time="10.885"><failure message="AssertionError: TimeoutException(&apos;超时！/等待xpath路径://*/section/section/section[2]/div[1]/div[2]/div/button失败！&apos;, None, None)
assert 1 != 1">E   selenium.common.exceptions.TimeoutException: Message: 超时！/等待xpath路径://*/section/section/section[2]/div[1]/div[2]/div/button失败！

During handling of the above exception, another exception occurred:
E   AssertionError: TimeoutException(&apos;超时！/等待xpath路径://*/section/section/section[2]/div[1]/div[2]/div/button失败！&apos;, None, None)
    assert 1 != 1</failure></testcase><testcase classname="test_3_set_plm_for_new_product.TestSetPlmForNewProduct" file="test_3_set_plm_for_new_product.py" line="294" name="test_6" time="0.009"><failure message="selenium.common.exceptions.NoSuchElementException: Message: no such element: Unable to locate element: {&quot;method&quot;:&quot;xpath&quot;,&quot;selector&quot;:&quot;//*[@id=&quot;pane-1&quot;]/section/section&quot;}
  (Session info: chrome=85.0.4183.83)">E   selenium.common.exceptions.NoSuchElementException: Message: no such element: Unable to locate element: {&quot;method&quot;:&quot;xpath&quot;,&quot;selector&quot;:&quot;//*[@id=&quot;pane-1&quot;]/section/section&quot;}
      (Session info: chrome=85.0.4183.83)</failure></testcase><testcase classname="test_4_add_reservation.TestPythonOrgSearch" file="test_4_add_reservation.py" line="9" name="test_0" time="14.653"></testcase></testsuite></testsuites>